0 info it worked if it ends with ok
1 verbose cli [ '/usr/bin/nodejs', '/usr/bin/npm', 'install', '-g', 'cowsay' ]
2 info using npm@1.3.10
3 info using node@v0.10.25
4 verbose cache add [ 'cowsay', null ]
5 verbose cache add name=undefined spec="cowsay" args=["cowsay",null]
6 verbose parsed url { protocol: null,
6 verbose parsed url   slashes: null,
6 verbose parsed url   auth: null,
6 verbose parsed url   host: null,
6 verbose parsed url   port: null,
6 verbose parsed url   hostname: null,
6 verbose parsed url   hash: null,
6 verbose parsed url   search: null,
6 verbose parsed url   query: null,
6 verbose parsed url   pathname: 'cowsay',
6 verbose parsed url   path: 'cowsay',
6 verbose parsed url   href: 'cowsay' }
7 silly lockFile b1b9f37c-cowsay cowsay
8 verbose lock cowsay /home/alex/.npm/b1b9f37c-cowsay.lock
9 silly lockFile b1b9f37c-cowsay cowsay
10 silly lockFile b1b9f37c-cowsay cowsay
11 verbose addNamed [ 'cowsay', '' ]
12 verbose addNamed [ null, '*' ]
13 silly lockFile 7f264d92-cowsay cowsay@
14 verbose lock cowsay@ /home/alex/.npm/7f264d92-cowsay.lock
15 silly addNameRange { name: 'cowsay', range: '*', hasData: false }
16 verbose url raw cowsay
17 verbose url resolving [ 'https://registry.npmjs.org/', './cowsay' ]
18 verbose url resolved https://registry.npmjs.org/cowsay
19 info trying registry request attempt 1 at 12:09:10
20 http GET https://registry.npmjs.org/cowsay
21 http 200 https://registry.npmjs.org/cowsay
22 silly registry.get cb [ 200,
22 silly registry.get   { date: 'Mon, 08 Dec 2014 17:09:10 GMT',
22 silly registry.get     server: 'CouchDB/1.5.0 (Erlang OTP/R16B03)',
22 silly registry.get     etag: '"32QJF7QFI7J6ZLZQP5Q28X8KS"',
22 silly registry.get     'content-type': 'application/json',
22 silly registry.get     'cache-control': 'max-age=60',
22 silly registry.get     'content-length': '7154',
22 silly registry.get     'accept-ranges': 'bytes',
22 silly registry.get     via: '1.1 varnish',
22 silly registry.get     age: '6',
22 silly registry.get     'x-served-by': 'cache-jfk1021-JFK',
22 silly registry.get     'x-cache': 'HIT',
22 silly registry.get     'x-cache-hits': '1',
22 silly registry.get     'x-timer': 'S1418058550.908587,VS0,VE0',
22 silly registry.get     vary: 'Accept',
22 silly registry.get     'keep-alive': 'timeout=10, max=50',
22 silly registry.get     connection: 'Keep-Alive' } ]
23 silly addNameRange number 2 { name: 'cowsay', range: '*', hasData: true }
24 silly addNameRange versions [ 'cowsay', [ '1.0.0', '1.0.1', '1.0.2', '1.0.3' ] ]
25 verbose addNamed [ 'cowsay', '1.0.3' ]
26 verbose addNamed [ '1.0.3', '1.0.3' ]
27 silly lockFile 0c70c456-cowsay-1-0-3 cowsay@1.0.3
28 verbose lock cowsay@1.0.3 /home/alex/.npm/0c70c456-cowsay-1-0-3.lock
29 silly lockFile 77600bcf-pmjs-org-cowsay-cowsay-1-0-3-tgz https://registry.npmjs.org/cowsay/-/cowsay-1.0.3.tgz
30 verbose lock https://registry.npmjs.org/cowsay/-/cowsay-1.0.3.tgz /home/alex/.npm/77600bcf-pmjs-org-cowsay-cowsay-1-0-3-tgz.lock
31 verbose addRemoteTarball [ 'https://registry.npmjs.org/cowsay/-/cowsay-1.0.3.tgz',
31 verbose addRemoteTarball   'ae30666aa6d82e839fb6628845b57ecd3697a8d7' ]
32 info retry fetch attempt 1 at 12:09:11
33 verbose fetch to= /home/alex/tmp/npm-4613-x8V18mNc/1418058551314-0.9014233991038054/tmp.tgz
34 http GET https://registry.npmjs.org/cowsay/-/cowsay-1.0.3.tgz
35 http 200 https://registry.npmjs.org/cowsay/-/cowsay-1.0.3.tgz
36 verbose tar unpack /home/alex/tmp/npm-4613-x8V18mNc/1418058551314-0.9014233991038054/tmp.tgz
37 silly lockFile 6fde710c-51314-0-9014233991038054-package tar:///home/alex/tmp/npm-4613-x8V18mNc/1418058551314-0.9014233991038054/package
38 verbose lock tar:///home/alex/tmp/npm-4613-x8V18mNc/1418058551314-0.9014233991038054/package /home/alex/.npm/6fde710c-51314-0-9014233991038054-package.lock
39 silly lockFile 42431c0b-51314-0-9014233991038054-tmp-tgz tar:///home/alex/tmp/npm-4613-x8V18mNc/1418058551314-0.9014233991038054/tmp.tgz
40 verbose lock tar:///home/alex/tmp/npm-4613-x8V18mNc/1418058551314-0.9014233991038054/tmp.tgz /home/alex/.npm/42431c0b-51314-0-9014233991038054-tmp-tgz.lock
41 silly gunzTarPerm modes [ '755', '644' ]
42 silly gunzTarPerm extractEntry package.json
43 silly gunzTarPerm modified mode [ 'package.json', 438, 420 ]
44 silly gunzTarPerm extractEntry README.md
45 silly gunzTarPerm modified mode [ 'README.md', 438, 420 ]
46 silly gunzTarPerm extractEntry LICENSE
47 silly gunzTarPerm modified mode [ 'LICENSE', 438, 420 ]
48 silly gunzTarPerm extractEntry cli.js
49 silly gunzTarPerm modified mode [ 'cli.js', 438, 420 ]
50 silly gunzTarPerm extractEntry index.js
51 silly gunzTarPerm modified mode [ 'index.js', 438, 420 ]
52 silly gunzTarPerm extractEntry test.js
53 silly gunzTarPerm modified mode [ 'test.js', 438, 420 ]
54 silly gunzTarPerm extractEntry .travis.yml
55 silly gunzTarPerm modified mode [ '.travis.yml', 438, 420 ]
56 silly gunzTarPerm extractEntry cows/meow.cow
57 silly gunzTarPerm modified mode [ 'cows/meow.cow', 438, 420 ]
58 silly gunzTarPerm extractEntry cows/beavis.zen.cow
59 silly gunzTarPerm modified mode [ 'cows/beavis.zen.cow', 438, 420 ]
60 silly gunzTarPerm extractEntry cows/bud-frogs.cow
61 silly gunzTarPerm modified mode [ 'cows/bud-frogs.cow', 438, 420 ]
62 silly gunzTarPerm extractEntry cows/bunny.cow
63 silly gunzTarPerm modified mode [ 'cows/bunny.cow', 438, 420 ]
64 silly gunzTarPerm extractEntry cows/cheese.cow
65 silly gunzTarPerm modified mode [ 'cows/cheese.cow', 438, 420 ]
66 silly gunzTarPerm extractEntry cows/cower.cow
67 silly gunzTarPerm modified mode [ 'cows/cower.cow', 438, 420 ]
68 silly gunzTarPerm extractEntry cows/daemon.cow
69 silly gunzTarPerm modified mode [ 'cows/daemon.cow', 438, 420 ]
70 silly gunzTarPerm extractEntry cows/default.cow
71 silly gunzTarPerm modified mode [ 'cows/default.cow', 438, 420 ]
72 silly gunzTarPerm extractEntry cows/dragon-and-cow.cow
73 silly gunzTarPerm modified mode [ 'cows/dragon-and-cow.cow', 438, 420 ]
74 silly gunzTarPerm extractEntry cows/dragon.cow
75 silly gunzTarPerm modified mode [ 'cows/dragon.cow', 438, 420 ]
76 silly gunzTarPerm extractEntry cows/elephant-in-snake.cow
77 silly gunzTarPerm modified mode [ 'cows/elephant-in-snake.cow', 438, 420 ]
78 silly gunzTarPerm extractEntry cows/elephant.cow
79 silly gunzTarPerm modified mode [ 'cows/elephant.cow', 438, 420 ]
80 silly gunzTarPerm extractEntry cows/eyes.cow
81 silly gunzTarPerm modified mode [ 'cows/eyes.cow', 438, 420 ]
82 silly gunzTarPerm extractEntry cows/flaming-sheep.cow
83 silly gunzTarPerm modified mode [ 'cows/flaming-sheep.cow', 438, 420 ]
84 silly gunzTarPerm extractEntry cows/ghostbusters.cow
85 silly gunzTarPerm modified mode [ 'cows/ghostbusters.cow', 438, 420 ]
86 silly gunzTarPerm extractEntry cows/head-in.cow
87 silly gunzTarPerm modified mode [ 'cows/head-in.cow', 438, 420 ]
88 silly gunzTarPerm extractEntry cows/hellokitty.cow
89 silly gunzTarPerm modified mode [ 'cows/hellokitty.cow', 438, 420 ]
90 silly gunzTarPerm extractEntry cows/kiss.cow
91 silly gunzTarPerm modified mode [ 'cows/kiss.cow', 438, 420 ]
92 silly gunzTarPerm extractEntry cows/kitty.cow
93 silly gunzTarPerm modified mode [ 'cows/kitty.cow', 438, 420 ]
94 silly gunzTarPerm extractEntry cows/koala.cow
95 silly gunzTarPerm modified mode [ 'cows/koala.cow', 438, 420 ]
96 silly gunzTarPerm extractEntry cows/kosh.cow
97 silly gunzTarPerm modified mode [ 'cows/kosh.cow', 438, 420 ]
98 silly gunzTarPerm extractEntry cows/luke-koala.cow
99 silly gunzTarPerm modified mode [ 'cows/luke-koala.cow', 438, 420 ]
100 silly gunzTarPerm extractEntry cows/mech-and-cow
101 silly gunzTarPerm modified mode [ 'cows/mech-and-cow', 438, 420 ]
102 silly gunzTarPerm extractEntry cows/bong.cow
103 silly gunzTarPerm modified mode [ 'cows/bong.cow', 438, 420 ]
104 silly gunzTarPerm extractEntry cows/milk.cow
105 silly gunzTarPerm modified mode [ 'cows/milk.cow', 438, 420 ]
106 silly gunzTarPerm extractEntry cows/moofasa.cow
107 silly gunzTarPerm modified mode [ 'cows/moofasa.cow', 438, 420 ]
108 silly gunzTarPerm extractEntry cows/moose.cow
109 silly gunzTarPerm modified mode [ 'cows/moose.cow', 438, 420 ]
110 silly gunzTarPerm extractEntry cows/mutilated.cow
111 silly gunzTarPerm modified mode [ 'cows/mutilated.cow', 438, 420 ]
112 silly gunzTarPerm extractEntry cows/ren.cow
113 silly gunzTarPerm modified mode [ 'cows/ren.cow', 438, 420 ]
114 silly gunzTarPerm extractEntry cows/satanic.cow
115 silly gunzTarPerm modified mode [ 'cows/satanic.cow', 438, 420 ]
116 silly gunzTarPerm extractEntry cows/sheep.cow
117 silly gunzTarPerm modified mode [ 'cows/sheep.cow', 438, 420 ]
118 silly gunzTarPerm extractEntry cows/skeleton.cow
119 silly gunzTarPerm modified mode [ 'cows/skeleton.cow', 438, 420 ]
120 silly gunzTarPerm extractEntry cows/small.cow
121 silly gunzTarPerm modified mode [ 'cows/small.cow', 438, 420 ]
122 silly gunzTarPerm extractEntry cows/sodomized.cow
123 silly gunzTarPerm modified mode [ 'cows/sodomized.cow', 438, 420 ]
124 silly gunzTarPerm extractEntry cows/squirrel.cow
125 silly gunzTarPerm modified mode [ 'cows/squirrel.cow', 438, 420 ]
126 silly gunzTarPerm extractEntry cows/stegosaurus.cow
127 silly gunzTarPerm modified mode [ 'cows/stegosaurus.cow', 438, 420 ]
128 silly gunzTarPerm extractEntry cows/stimpy.cow
129 silly gunzTarPerm modified mode [ 'cows/stimpy.cow', 438, 420 ]
130 silly gunzTarPerm extractEntry cows/supermilker.cow
131 silly gunzTarPerm modified mode [ 'cows/supermilker.cow', 438, 420 ]
132 silly gunzTarPerm extractEntry cows/surgery.cow
133 silly gunzTarPerm modified mode [ 'cows/surgery.cow', 438, 420 ]
134 silly gunzTarPerm extractEntry cows/telebears.cow
135 silly gunzTarPerm modified mode [ 'cows/telebears.cow', 438, 420 ]
136 silly gunzTarPerm extractEntry cows/turkey.cow
137 silly gunzTarPerm modified mode [ 'cows/turkey.cow', 438, 420 ]
138 silly gunzTarPerm extractEntry cows/turtle.cow
139 silly gunzTarPerm modified mode [ 'cows/turtle.cow', 438, 420 ]
140 silly gunzTarPerm extractEntry cows/tux.cow
141 silly gunzTarPerm modified mode [ 'cows/tux.cow', 438, 420 ]
142 silly gunzTarPerm extractEntry cows/vader-koala.cow
143 silly gunzTarPerm modified mode [ 'cows/vader-koala.cow', 438, 420 ]
144 silly gunzTarPerm extractEntry cows/vader.cow
145 silly gunzTarPerm modified mode [ 'cows/vader.cow', 438, 420 ]
146 silly gunzTarPerm extractEntry cows/www.cow
147 silly gunzTarPerm modified mode [ 'cows/www.cow', 438, 420 ]
148 silly gunzTarPerm extractEntry lib/balloon.js
149 silly gunzTarPerm modified mode [ 'lib/balloon.js', 438, 420 ]
150 silly gunzTarPerm extractEntry lib/cows.js
151 silly gunzTarPerm modified mode [ 'lib/cows.js', 438, 420 ]
152 silly gunzTarPerm extractEntry lib/faces.js
153 silly gunzTarPerm modified mode [ 'lib/faces.js', 438, 420 ]
154 silly gunzTarPerm extractEntry lib/replacer.js
155 silly gunzTarPerm modified mode [ 'lib/replacer.js', 438, 420 ]
156 silly gunzTarPerm extractEntry test/balloon.js
157 silly gunzTarPerm modified mode [ 'test/balloon.js', 438, 420 ]
158 silly gunzTarPerm extractEntry test/cows.js
159 silly gunzTarPerm modified mode [ 'test/cows.js', 438, 420 ]
160 silly gunzTarPerm extractEntry test/faces.js
161 silly gunzTarPerm modified mode [ 'test/faces.js', 438, 420 ]
162 silly lockFile 6fde710c-51314-0-9014233991038054-package tar:///home/alex/tmp/npm-4613-x8V18mNc/1418058551314-0.9014233991038054/package
163 silly lockFile 6fde710c-51314-0-9014233991038054-package tar:///home/alex/tmp/npm-4613-x8V18mNc/1418058551314-0.9014233991038054/package
164 silly lockFile 42431c0b-51314-0-9014233991038054-tmp-tgz tar:///home/alex/tmp/npm-4613-x8V18mNc/1418058551314-0.9014233991038054/tmp.tgz
165 silly lockFile 42431c0b-51314-0-9014233991038054-tmp-tgz tar:///home/alex/tmp/npm-4613-x8V18mNc/1418058551314-0.9014233991038054/tmp.tgz
166 verbose tar pack [ '/home/alex/.npm/cowsay/1.0.3/package.tgz',
166 verbose tar pack   '/home/alex/tmp/npm-4613-x8V18mNc/1418058551314-0.9014233991038054/package' ]
167 verbose tarball /home/alex/.npm/cowsay/1.0.3/package.tgz
168 verbose folder /home/alex/tmp/npm-4613-x8V18mNc/1418058551314-0.9014233991038054/package
169 silly lockFile 6fde710c-51314-0-9014233991038054-package tar:///home/alex/tmp/npm-4613-x8V18mNc/1418058551314-0.9014233991038054/package
170 verbose lock tar:///home/alex/tmp/npm-4613-x8V18mNc/1418058551314-0.9014233991038054/package /home/alex/.npm/6fde710c-51314-0-9014233991038054-package.lock
171 silly lockFile 95e443ac-lex-npm-cowsay-1-0-3-package-tgz tar:///home/alex/.npm/cowsay/1.0.3/package.tgz
172 verbose lock tar:///home/alex/.npm/cowsay/1.0.3/package.tgz /home/alex/.npm/95e443ac-lex-npm-cowsay-1-0-3-package-tgz.lock
173 silly lockFile 6fde710c-51314-0-9014233991038054-package tar:///home/alex/tmp/npm-4613-x8V18mNc/1418058551314-0.9014233991038054/package
174 silly lockFile 6fde710c-51314-0-9014233991038054-package tar:///home/alex/tmp/npm-4613-x8V18mNc/1418058551314-0.9014233991038054/package
175 silly lockFile 95e443ac-lex-npm-cowsay-1-0-3-package-tgz tar:///home/alex/.npm/cowsay/1.0.3/package.tgz
176 silly lockFile 95e443ac-lex-npm-cowsay-1-0-3-package-tgz tar:///home/alex/.npm/cowsay/1.0.3/package.tgz
177 silly lockFile b997f819-me-alex-npm-cowsay-1-0-3-package /home/alex/.npm/cowsay/1.0.3/package
178 verbose lock /home/alex/.npm/cowsay/1.0.3/package /home/alex/.npm/b997f819-me-alex-npm-cowsay-1-0-3-package.lock
179 silly lockFile b997f819-me-alex-npm-cowsay-1-0-3-package /home/alex/.npm/cowsay/1.0.3/package
180 silly lockFile b997f819-me-alex-npm-cowsay-1-0-3-package /home/alex/.npm/cowsay/1.0.3/package
181 verbose tar unpack /home/alex/.npm/cowsay/1.0.3/package.tgz
182 silly lockFile d0e8cd01-me-alex-npm-cowsay-1-0-3-package tar:///home/alex/.npm/cowsay/1.0.3/package
183 verbose lock tar:///home/alex/.npm/cowsay/1.0.3/package /home/alex/.npm/d0e8cd01-me-alex-npm-cowsay-1-0-3-package.lock
184 silly lockFile 95e443ac-lex-npm-cowsay-1-0-3-package-tgz tar:///home/alex/.npm/cowsay/1.0.3/package.tgz
185 verbose lock tar:///home/alex/.npm/cowsay/1.0.3/package.tgz /home/alex/.npm/95e443ac-lex-npm-cowsay-1-0-3-package-tgz.lock
186 silly gunzTarPerm modes [ '755', '644' ]
187 silly gunzTarPerm extractEntry package.json
188 silly gunzTarPerm extractEntry README.md
189 silly gunzTarPerm extractEntry LICENSE
190 silly gunzTarPerm extractEntry cli.js
191 silly gunzTarPerm extractEntry index.js
192 silly gunzTarPerm extractEntry test.js
193 silly gunzTarPerm extractEntry .travis.yml
194 silly gunzTarPerm extractEntry cows/meow.cow
195 silly gunzTarPerm extractEntry cows/beavis.zen.cow
196 silly gunzTarPerm extractEntry cows/bud-frogs.cow
197 silly gunzTarPerm extractEntry cows/bunny.cow
198 silly gunzTarPerm extractEntry cows/cheese.cow
199 silly gunzTarPerm extractEntry cows/cower.cow
200 silly gunzTarPerm extractEntry cows/daemon.cow
201 silly gunzTarPerm extractEntry cows/default.cow
202 silly gunzTarPerm extractEntry cows/dragon-and-cow.cow
203 silly gunzTarPerm extractEntry cows/dragon.cow
204 silly gunzTarPerm extractEntry cows/elephant-in-snake.cow
205 silly gunzTarPerm extractEntry cows/elephant.cow
206 silly gunzTarPerm extractEntry cows/eyes.cow
207 silly gunzTarPerm extractEntry cows/flaming-sheep.cow
208 silly gunzTarPerm extractEntry cows/ghostbusters.cow
209 silly gunzTarPerm extractEntry cows/head-in.cow
210 silly gunzTarPerm extractEntry cows/hellokitty.cow
211 silly gunzTarPerm extractEntry cows/kiss.cow
212 silly gunzTarPerm extractEntry cows/kitty.cow
213 silly gunzTarPerm extractEntry cows/koala.cow
214 silly gunzTarPerm extractEntry cows/kosh.cow
215 silly gunzTarPerm extractEntry cows/luke-koala.cow
216 silly gunzTarPerm extractEntry cows/mech-and-cow
217 silly gunzTarPerm extractEntry cows/bong.cow
218 silly gunzTarPerm extractEntry cows/milk.cow
219 silly gunzTarPerm extractEntry cows/moofasa.cow
220 silly gunzTarPerm extractEntry cows/moose.cow
221 silly gunzTarPerm extractEntry cows/mutilated.cow
222 silly gunzTarPerm extractEntry cows/ren.cow
223 silly gunzTarPerm extractEntry cows/satanic.cow
224 silly gunzTarPerm extractEntry cows/sheep.cow
225 silly gunzTarPerm extractEntry cows/skeleton.cow
226 silly gunzTarPerm extractEntry cows/small.cow
227 silly gunzTarPerm extractEntry cows/sodomized.cow
228 silly gunzTarPerm extractEntry cows/squirrel.cow
229 silly gunzTarPerm extractEntry cows/stegosaurus.cow
230 silly gunzTarPerm extractEntry cows/stimpy.cow
231 silly gunzTarPerm extractEntry cows/supermilker.cow
232 silly gunzTarPerm extractEntry cows/surgery.cow
233 silly gunzTarPerm extractEntry cows/telebears.cow
234 silly gunzTarPerm extractEntry cows/turkey.cow
235 silly gunzTarPerm extractEntry cows/turtle.cow
236 silly gunzTarPerm extractEntry cows/tux.cow
237 silly gunzTarPerm extractEntry cows/vader-koala.cow
238 silly gunzTarPerm extractEntry cows/vader.cow
239 silly gunzTarPerm extractEntry cows/www.cow
240 silly gunzTarPerm extractEntry lib/balloon.js
241 silly gunzTarPerm extractEntry lib/cows.js
242 silly gunzTarPerm extractEntry lib/faces.js
243 silly gunzTarPerm extractEntry lib/replacer.js
244 silly gunzTarPerm extractEntry test/balloon.js
245 silly gunzTarPerm extractEntry test/cows.js
246 silly gunzTarPerm extractEntry test/faces.js
247 silly lockFile d0e8cd01-me-alex-npm-cowsay-1-0-3-package tar:///home/alex/.npm/cowsay/1.0.3/package
248 silly lockFile d0e8cd01-me-alex-npm-cowsay-1-0-3-package tar:///home/alex/.npm/cowsay/1.0.3/package
249 silly lockFile 95e443ac-lex-npm-cowsay-1-0-3-package-tgz tar:///home/alex/.npm/cowsay/1.0.3/package.tgz
250 silly lockFile 95e443ac-lex-npm-cowsay-1-0-3-package-tgz tar:///home/alex/.npm/cowsay/1.0.3/package.tgz
251 verbose chmod /home/alex/.npm/cowsay/1.0.3/package.tgz 644
252 verbose chown /home/alex/.npm/cowsay/1.0.3/package.tgz [ 1000, 1000 ]
253 silly lockFile 77600bcf-pmjs-org-cowsay-cowsay-1-0-3-tgz https://registry.npmjs.org/cowsay/-/cowsay-1.0.3.tgz
254 silly lockFile 77600bcf-pmjs-org-cowsay-cowsay-1-0-3-tgz https://registry.npmjs.org/cowsay/-/cowsay-1.0.3.tgz
255 silly lockFile 0c70c456-cowsay-1-0-3 cowsay@1.0.3
256 silly lockFile 0c70c456-cowsay-1-0-3 cowsay@1.0.3
257 silly lockFile 7f264d92-cowsay cowsay@
258 silly lockFile 7f264d92-cowsay cowsay@
259 silly resolved [ { name: 'cowsay',
259 silly resolved     version: '1.0.3',
259 silly resolved     description: 'cowsay is a configurable talking cow',
259 silly resolved     keywords: [ 'cow', 'cowsay', 'cowthink', 'figlet', 'talking', 'ASCII' ],
259 silly resolved     homepage: 'https://github.com/piuccio/cowsay',
259 silly resolved     author:
259 silly resolved      { name: 'Fabio Crisci',
259 silly resolved        email: 'piuccio@gmail.com',
259 silly resolved        url: 'https://github.com/piuccio/' },
259 silly resolved     main: './index',
259 silly resolved     bin: { cowsay: './cli.js', cowthink: './cli.js' },
259 silly resolved     repository: { type: 'git', url: 'https://github.com/piuccio/cowsay.git' },
259 silly resolved     scripts: { test: 'node test.js' },
259 silly resolved     dependencies: { optimist: '~0.3.5' },
259 silly resolved     devDependencies: { nodeunit: '~0.7.4' },
259 silly resolved     engines: { node: '>=0.6.17' },
259 silly resolved     preferGlobal: true,
259 silly resolved     readme: '# cowsay\r\n\r\n````\r\n __________________\r\n< srsly dude, why? >\r\n ------------------\r\n        \\   ^__^\r\n         \\  (oo)\\_______\r\n            (__)\\       )\\/\\\r\n                ||----w |\r\n                ||     ||\r\n````\r\n\r\ncowsay is a configurable talking cow, originally written in Perl by [Tony Monroe](http://www.nog.net/~tony/).\r\n\r\nThis project is a translation in JavaScript of the original program and an attempt to bring the same silliness to node.js.\r\n\r\n## Install\r\n\r\n    npm install -g cowsay\r\n\r\n## Usage\r\n\r\n    cowsay JavaScript FTW!\r\n\r\nor\r\n\r\n    cowthink node.js is cool\r\n\r\nIt acts in the same way as the original cowsay, so consult `cowsay(1)` or run `cowsay -h`\r\n\r\n````\r\n ________\r\n< indeed >\r\n --------\r\n    \\\r\n     \\\r\n                                   .::!!!!!!!:.\r\n  .!!!!!:.                        .:!!!!!!!!!!!!\r\n  ~~~~!!!!!!.                 .:!!!!!!!!!UWWW$$$ \r\n      :$$NWX!!:           .:!!!!!!XUWW$$$$$$$$$P \r\n      $$$$$##WX!:      .<!!!!UW$$$$"  $$$$$$$$# \r\n      $$$$$  $$$UX   :!!UW$$$$$$$$$   4$$$$$* \r\n      ^$$$B  $$$$\\     $$$$$$$$$$$$   d$$R" \r\n        "*$bd$$$$      \'*$$$$$$$$$$$o+#" \r\n             """"          """"""" \r\n````\r\n\r\n## Usage as a module\r\n\r\ncowsay can be used as any other npm dependency\r\n\r\n    var cowsay = require("cowsay");\r\n\r\n    console.log(cowsay.say({\r\n    \ttext : "I\'m a moooodule",\r\n    \te : "oO",\r\n    \tT : "U "\r\n    }));\r\n\r\n    // or cowsay.think()\r\n\r\n````\r\n _________________\r\n( I\'m a moooodule )\r\n -----------------\r\n        o   ^__^\r\n         o  (oO)\\_______\r\n            (__)\\       )\\/\\\r\n             U  ||----w |\r\n                ||     ||\r\n````',
259 silly resolved     readmeFilename: 'README.md',
259 silly resolved     bugs: { url: 'https://github.com/piuccio/cowsay/issues' },
259 silly resolved     _id: 'cowsay@1.0.3',
259 silly resolved     dist: { shasum: 'f6161dc167bb749bef2f656e7e356d6df013a3bb' },
259 silly resolved     _from: 'cowsay@',
259 silly resolved     _resolved: 'https://registry.npmjs.org/cowsay/-/cowsay-1.0.3.tgz' } ]
260 info install cowsay@1.0.3 into /usr/local/lib
261 info installOne cowsay@1.0.3
262 info /usr/local/lib/node_modules/cowsay unbuild
263 verbose tar unpack /home/alex/.npm/cowsay/1.0.3/package.tgz
264 silly lockFile 27a336b6-sr-local-lib-node-modules-cowsay tar:///usr/local/lib/node_modules/cowsay
265 verbose lock tar:///usr/local/lib/node_modules/cowsay /home/alex/.npm/27a336b6-sr-local-lib-node-modules-cowsay.lock
266 silly lockFile 95e443ac-lex-npm-cowsay-1-0-3-package-tgz tar:///home/alex/.npm/cowsay/1.0.3/package.tgz
267 verbose lock tar:///home/alex/.npm/cowsay/1.0.3/package.tgz /home/alex/.npm/95e443ac-lex-npm-cowsay-1-0-3-package-tgz.lock
268 silly gunzTarPerm modes [ '755', '644' ]
269 error Error: EACCES, mkdir '/usr/local/lib/node_modules'
269 error  { [Error: EACCES, mkdir '/usr/local/lib/node_modules']
269 error   errno: 3,
269 error   code: 'EACCES',
269 error   path: '/usr/local/lib/node_modules',
269 error   fstream_type: 'Directory',
269 error   fstream_path: '/usr/local/lib/node_modules/cowsay',
269 error   fstream_class: 'DirWriter',
269 error   fstream_stack:
269 error    [ '/usr/lib/nodejs/fstream/lib/writer.js:171:23',
269 error      '/usr/lib/nodejs/mkdirp/index.js:37:53',
269 error      'Object.oncomplete (fs.js:107:15)' ] }
270 error Please try running this command again as root/Administrator.
271 error System Linux 3.13.0-39-generic
272 error command "/usr/bin/nodejs" "/usr/bin/npm" "install" "-g" "cowsay"
273 error cwd /home/alex/Documents/WDI/w04/d01
274 error node -v v0.10.25
275 error npm -v 1.3.10
276 error path /usr/local/lib/node_modules
277 error fstream_path /usr/local/lib/node_modules/cowsay
278 error fstream_type Directory
279 error fstream_class DirWriter
280 error code EACCES
281 error errno 3
282 error stack Error: EACCES, mkdir '/usr/local/lib/node_modules'
283 error fstream_stack /usr/lib/nodejs/fstream/lib/writer.js:171:23
283 error fstream_stack /usr/lib/nodejs/mkdirp/index.js:37:53
283 error fstream_stack Object.oncomplete (fs.js:107:15)
284 verbose exit [ 3, true ]
